Log file open, 04/08/16 15:10:01
LogInit:Display: Running engine for game: MyProject3
LogPlatformFile: Not using cached read wrapper
LogInit:Display: RandInit(-2070589356) SRandInit(-2070589355).
LogTaskGraph: Started task graph with 4 named threads and 8 total threads.
LogStats: Stats thread started at 0.105341
LogConfig:Warning: Failed to saved backup for config[Editor]
LogConfig:Warning: Failed to saved backup for config[Lightmass]
[2016.04.08-22.10.02:043][  0]LogInit: Version: 4.10.4-2872498+++depot+UE4-Releases+4.10
[2016.04.08-22.10.02:043][  0]LogInit: API Version: 2758231
[2016.04.08-22.10.02:043][  0]LogInit: Compiled (64-bit): Feb 18 2016 15:47:04
[2016.04.08-22.10.02:043][  0]LogInit: Compiled with Visual C++: 19.00.23026.00
[2016.04.08-22.10.02:043][  0]LogInit: Build Configuration: Development
[2016.04.08-22.10.02:043][  0]LogInit: Branch Name: ++depot+UE4-Releases+4.10
[2016.04.08-22.10.02:043][  0]LogInit: Command line:  
[2016.04.08-22.10.02:043][  0]LogInit: Base directory: C:/Program Files (x86)/Epic Games/4.10/Engine/Binaries/Win64/
[2016.04.08-22.10.02:043][  0]LogInit: Rocket: 1
[2016.04.08-22.10.02:059][  0]LogInit: Using libcurl 7.41.0
[2016.04.08-22.10.02:059][  0]LogInit:  - built for x86_64-pc-win32
[2016.04.08-22.10.02:059][  0]LogInit:  - supports SSL with WinSSL
[2016.04.08-22.10.02:059][  0]LogInit:  - other features:
[2016.04.08-22.10.02:059][  0]LogInit:      CURL_VERSION_SSL
[2016.04.08-22.10.02:059][  0]LogInit:      CURL_VERSION_IPV6
[2016.04.08-22.10.02:059][  0]LogInit:      CURL_VERSION_ASYNCHDNS
[2016.04.08-22.10.02:059][  0]LogInit:      CURL_VERSION_LARGEFILE
[2016.04.08-22.10.02:059][  0]LogInit:      CURL_VERSION_IDN
[2016.04.08-22.10.02:059][  0]LogInit:  CurlRequestOptions (configurable via config and command line):
[2016.04.08-22.10.02:059][  0]LogInit:  - bVerifyPeer = true  - Libcurl will verify peer certificate
[2016.04.08-22.10.02:059][  0]LogInit:  - bUseHttpProxy = false  - Libcurl will NOT use HTTP proxy
[2016.04.08-22.10.02:059][  0]LogInit:  - bDontReuseConnections = false  - Libcurl will reuse connections
[2016.04.08-22.10.02:059][  0]LogInit:  - CertBundlePath = nullptr  - Libcurl will use whatever was configured at build time.
[2016.04.08-22.10.02:084][  0]LogInit: Presizing for 0 objects not considered by GC, pre-allocating 0 bytes.
[2016.04.08-22.10.02:089][  0]LogInit: Object subsystem initialized
[2016.04.08-22.10.02:089][  0]LogInit: Selected Device Profile: [Windows]
[2016.04.08-22.10.02:089][  0]LogInit: Applying CVar settings loaded from the selected device profile: [Windows]
[2016.04.08-22.10.02:104][  0]LogInit: Computer: DYLANCRONKHITE
[2016.04.08-22.10.02:104][  0]LogInit: User: Dylan
[2016.04.08-22.10.02:104][  0]LogInit: CPU Page size=4096, Cores=6
[2016.04.08-22.10.02:104][  0]LogInit: High frequency timer resolution =3.222658 MHz
[2016.04.08-22.10.02:104][  0]LogMemory: Memory total: Physical=15.9GB (16GB approx)
[2016.04.08-22.10.02:104][  0]LogMemory: Platform Memory Stats for Windows
[2016.04.08-22.10.02:104][  0]LogMemory: Process Physical Memory: 56.72 MB used, 56.72 MB peak
[2016.04.08-22.10.02:104][  0]LogMemory: Process Virtual Memory: 59.80 MB used, 59.80 MB peak
[2016.04.08-22.10.02:104][  0]LogMemory: Physical Memory: 9986.16 MB used, 16276.64 MB total
[2016.04.08-22.10.02:104][  0]LogMemory: Virtual Memory: 387.80 MB used, 134217728.00 MB total
[2016.04.08-22.10.02:254][  0]LogTextLocalizationManager: No specific translations for ('en-US') exist, so ('en') translations will be used.
[2016.04.08-22.10.02:688][  0]LogD3D11RHI: Found D3D11 adapter 0: NVIDIA GeForce GTX 980 (Feature Level 11_0)
[2016.04.08-22.10.02:688][  0]LogD3D11RHI: Adapter has 4008MB of dedicated video memory, 0MB of dedicated system memory, and 8138MB of shared system memory, 3 output[s]
[2016.04.08-22.10.02:689][  0]LogD3D11RHI: Found D3D11 adapter 1: Microsoft Basic Render Driver (Feature Level 11_0)
[2016.04.08-22.10.02:689][  0]LogD3D11RHI: Adapter has 0MB of dedicated video memory, 0MB of dedicated system memory, and 8138MB of shared system memory, 0 output[s]
[2016.04.08-22.10.02:689][  0]LogD3D11RHI: Chosen D3D11 Adapter Id = 0
[2016.04.08-22.10.02:704][  0]LogD3D11RHI: !Direct3DDevice
[2016.04.08-22.10.02:704][  0]LogRHI: Texture pool is 1361 MB (70% of 1945 MB)
[2016.04.08-22.10.02:717][  0]LogD3D11RHI: Async texture creation enabled
[2016.04.08-22.10.02:732][  0]LogShaderCompilers: Guid format shader working directory is -18 characters bigger than the processId version (../../../../../../Users/Dylan/Desktop/Repo/GameGUNDI/MyProject3/Intermediate/Shaders/WorkingDirectory/72844/).
[2016.04.08-22.10.02:732][  0]LogShaderCompilers: Cleaned the shader compiler working directory 'C:/Users/Dylan/AppData/Local/Temp/UnrealShaderWorkingDir/38522B5C4A64D97F42E69D983941B258/'.
[2016.04.08-22.10.02:732][  0]LogShaderCompilers:Display: Using Local Shader Compiler.
[2016.04.08-22.10.03:869][  0]LogTemp:Display: Loaded TP AllDesktopTargetPlatform
[2016.04.08-22.10.03:874][  0]LogTemp:Display: Loaded TP WindowsClientTargetPlatform
[2016.04.08-22.10.03:878][  0]LogTemp:Display: Loaded TP WindowsNoEditorTargetPlatform
[2016.04.08-22.10.03:882][  0]LogTemp:Display: Loaded TP WindowsServerTargetPlatform
[2016.04.08-22.10.03:887][  0]LogTemp:Display: Loaded TP WindowsTargetPlatform
[2016.04.08-22.10.03:890][  0]LogTemp:Display: Loaded TP AndroidTargetPlatform
[2016.04.08-22.10.03:893][  0]LogTemp:Display: Loaded TP Android_ASTCTargetPlatform
[2016.04.08-22.10.03:896][  0]LogTemp:Display: Loaded TP Android_ATCTargetPlatform
[2016.04.08-22.10.03:899][  0]LogTemp:Display: Loaded TP Android_DXTTargetPlatform
[2016.04.08-22.10.03:902][  0]LogTemp:Display: Loaded TP Android_ETC1TargetPlatform
[2016.04.08-22.10.03:906][  0]LogTemp:Display: Loaded TP Android_ETC2TargetPlatform
[2016.04.08-22.10.03:912][  0]LogTemp:Display: Loaded TP Android_MultiTargetPlatform
[2016.04.08-22.10.03:912][  0]LogTemp:Display: Loaded TP Android_PVRTCTargetPlatform
[2016.04.08-22.10.03:913][  0]LogTemp:Display: Loaded TP HTML5TargetPlatform
[2016.04.08-22.10.03:949][  0]LogTemp:Display: Loaded TP IOSTargetPlatform
[2016.04.08-22.10.03:952][  0]LogTemp:Display: Loaded TP LinuxNoEditorTargetPlatform
[2016.04.08-22.10.03:954][  0]LogTemp:Display: Loaded TP LinuxServerTargetPlatform
[2016.04.08-22.10.03:959][  0]LogTemp:Display: Loaded TP LinuxTargetPlatform
[2016.04.08-22.10.03:959][  0]LogTargetPlatformManager:Display: Building Assets For Windows
[2016.04.08-22.10.04:190][  0]LogDerivedDataCache:Display: Max Cache Size: 512 MB
[2016.04.08-22.10.04:349][  0]LogDerivedDataCache: Loaded boot cache 0.16s 41MB C:/Users/Dylan/AppData/Local/UnrealEngine/4.10/DerivedDataCache/Boot.ddc.
[2016.04.08-22.10.04:349][  0]LogDerivedDataCache:Display: Loaded Boot cache: C:/Users/Dylan/AppData/Local/UnrealEngine/4.10/DerivedDataCache/Boot.ddc
[2016.04.08-22.10.04:349][  0]LogDerivedDataCache: FDerivedDataBackendGraph:  Pak pak cache file ../../../../../../Users/Dylan/Desktop/Repo/GameGUNDI/MyProject3/DerivedDataCache/DDC.ddp not found, will not use a pak cache.
[2016.04.08-22.10.04:349][  0]LogDerivedDataCache: Unable to find inner node Pak for hierarchical cache Hierarchy.
[2016.04.08-22.10.04:349][  0]LogDerivedDataCache: FDerivedDataBackendGraph:  CompressedPak pak cache file ../../../../../../Users/Dylan/Desktop/Repo/GameGUNDI/MyProject3/DerivedDataCache/Compressed.ddp not found, will not use a pak cache.
[2016.04.08-22.10.04:349][  0]LogDerivedDataCache: Unable to find inner node CompressedPak for hierarchical cache Hierarchy.
[2016.04.08-22.10.04:406][  0]LogDerivedDataCache:Display: Pak cache opened for reading ../../../Engine/DerivedDataCache/Compressed.ddp.
[2016.04.08-22.10.04:418][  0]LogDerivedDataCache: Using Local data cache path C:/Users/Dylan/AppData/Local/UnrealEngine/Common/DerivedDataCache: Writable
[2016.04.08-22.10.06:627][  0]LogInit: Selected Device Profile: [Windows]
[2016.04.08-22.10.06:635][  0]LogContentStreaming: Texture pool size is 0.000000MB
[2016.04.08-22.10.06:808][  0]LogMeshUtilities: No automatic mesh reduction module available
[2016.04.08-22.10.06:808][  0]LogMeshUtilities: No automatic mesh merging module available
[2016.04.08-22.10.07:292][  0]LogInit: WinSock: version 1.1 (2.2), MaxSocks=32767, MaxUdp=65467
[2016.04.08-22.10.09:052][  0]UdpMessaging: Initializing bridge on interface 0.0.0.0:0 to multicast group 230.0.0.1:6666.
[2016.04.08-22.10.09:182][  0]LogAssetRegistry: FAssetRegistry took 0.0117 seconds to start up
[2016.04.08-22.10.09:466][  0]SourceControl: Info Source control is disabled
[2016.04.08-22.10.09:497][  0]SourceControl: Info Source control is disabled
[2016.04.08-22.10.09:510][  0]SourceControl: Info Source control is disabled
[2016.04.08-22.10.09:522][  0]SourceControl: Info Source control is disabled
[2016.04.08-22.10.09:818][  0]LogObj: 28633 objects as part of root set at end of initial load.
[2016.04.08-22.10.09:818][  0]LogUObjectAllocator: 6099744 out of 0 bytes used by permanent object pool.
[2016.04.08-22.10.09:909][  0]LogEngine: Initializing Engine...
[2016.04.08-22.10.09:913][  0]LogHMD: Can't find Oculus library dev build: is proper Runtime installed? Version: 0.8.0.0
[2016.04.08-22.10.09:923][  0]LogHMD: SteamVR failed to initialize.  Err: 110
[2016.04.08-22.10.10:110][  0]LogAIModule: Creating AISystem for world NewWorld
[2016.04.08-22.10.10:136][  0]LogInit: XAudio2 using 'Speakers (Realtek High Definition Audio)' : 2 channels at 48 kHz using 32 bits per sample (channel mask 0x3)
[2016.04.08-22.10.10:153][  0]LogInit: FAudioDevice initialized.
[2016.04.08-22.10.10:161][  0]LogDerivedDataCache:Error: Could not save memory cache C:/Users/Dylan/AppData/Local/UnrealEngine/4.10/DerivedDataCache/Boot.ddc.
[2016.04.08-22.10.10:165][  0]LogInit: Texture streaming: Enabled
[2016.04.08-22.10.10:172][  0]LogAnalytics: Creating configured Analytics provider AnalyticsET
[2016.04.08-22.10.10:172][  0]LogAnalytics: [UEEditor.Rocket.Release] APIServer = http://et2.epicgames.com/ET2/. AppVersion = 4.10.4-2872498+++depot+UE4-Releases+4.10
[2016.04.08-22.10.10:172][  0]LogAnalytics: [UEEditor.Rocket.Release] SetUserId a78eb8014ef70cd8b03b5bb24a36d29d|ac59d151ef9049fc94382fb34f909f04|98f6e7c3-9a03-43c0-a7bc-b4ac692b48c2
[2016.04.08-22.10.10:173][  0]LogAnalytics: [UEEditor.Rocket.Release] AnalyticsET::StartSession
[2016.04.08-22.10.10:197][  0]LogInit: Transaction tracking system initialized
[2016.04.08-22.10.10:235][  0]BlueprintLog: New page: Editor Load
[2016.04.08-22.10.10:378][  0]LocalizationService: Info Localization service is disabled
[2016.04.08-22.10.10:522][  0]LogConsoleResponse:Display: 
[2016.04.08-22.10.10:730][  0]LogCook:Display: Done creating registry. It took  0.00s.
[2016.04.08-22.10.10:816][  0]LogFileCache: Scanning file cache for directory 'C:/Users/Dylan/Desktop/Repo/GameGUNDI/MyProject3/Content/' took 0.02s
[2016.04.08-22.10.10:816][  0]SourceControl: Info Source control is disabled
[2016.04.08-22.10.10:818][  0]Cmd: MAP LOAD FILE="../../../../../../Users/Dylan/Desktop/Repo/GameGUNDI/MyProject3/Content/TopDownBP/Maps/TopDownExampleMap.umap" TEMPLATE=0 SHOWPROGRESS=1 FEATURELEVEL=3
[2016.04.08-22.10.10:821][  0]LightingResults: New page: Lighting Build
[2016.04.08-22.10.10:829][  0]MapCheck: New page: Map Check
[2016.04.08-22.10.10:830][  0]LightingResults: New page: Lighting Build
[2016.04.08-22.10.10:845][  0]LogParticles: Destroying 0 GPU particle simulations for FXSystem 0x000001C883E42AC0
[2016.04.08-22.10.11:405][  0]LogBlueprint:Warning: [compiler TopDownExampleMap] Warning  Sequence  has no valid output
[2016.04.08-22.10.11:405][  0]LogBlueprint:Warning: [compiler TopDownExampleMap] Warning [0010.03] Compile of TopDownExampleMap successful, but with 1 Warning(s) [in 1 ms]
[2016.04.08-22.10.11:405][  0]LogBlueprint:Warning: [compiler TopDownExampleMap] Warning [0010.03] Compile of TopDownExampleMap successful, but with 2 Warning(s) [in 0 ms]
[2016.04.08-22.10.11:405][  0]LogBlueprint:Warning: [compiler TopDownExampleMap] Warning [0010.03] Compile of TopDownExampleMap successful, but with 3 Warning(s) [in 0 ms]
[2016.04.08-22.10.11:406][  0]LogBlueprint:Warning: [compiler TopDownExampleMap] Warning  Sequence  has no valid output
[2016.04.08-22.10.11:406][  0]LogBlueprint:Warning: [compiler TopDownExampleMap] Warning [0010.03] Compile of TopDownExampleMap successful, but with 1 Warning(s) [in 0 ms]
[2016.04.08-22.10.11:406][  0]LogBlueprint:Warning: [compiler TopDownExampleMap] Warning [0010.03] Compile of TopDownExampleMap successful, but with 2 Warning(s) [in 0 ms]
[2016.04.08-22.10.11:406][  0]LogBlueprint:Warning: [compiler TopDownExampleMap] Warning [0010.03] Compile of TopDownExampleMap successful, but with 3 Warning(s) [in 0 ms]
[2016.04.08-22.10.11:895][  0]LogAIModule: Creating AISystem for world TopDownExampleMap
[2016.04.08-22.10.12:219][  0]LogEditorServer: Finished looking for orphan Actors (0.000 secs)
[2016.04.08-22.10.12:391][  0]Cmd: MAP CHECKDEP NOCLEARLOG
[2016.04.08-22.10.12:435][  0]MapCheck: Info Map check complete: 0 Error(s), 0 Warning(s), took 44.064ms to complete.
[2016.04.08-22.10.12:435][  0]LogFileHelpers: Loading map 'TopDownExampleMap' took 1.618
[2016.04.08-22.10.12:651][  0]LogCollectionManager: Loaded 0 collections in 0.001992 seconds
[2016.04.08-22.10.12:721][  0]LogFileCache: Scanning file cache for directory 'C:/Users/Dylan/Desktop/Repo/GameGUNDI/MyProject3/Saved/Collections/' took 0.01s
[2016.04.08-22.10.12:721][  0]LogFileCache: Scanning file cache for directory 'C:/Users/Dylan/Desktop/Repo/GameGUNDI/MyProject3/Content/Developers/Dylan/Collections/' took 0.01s
[2016.04.08-22.10.12:721][  0]LogFileCache: Scanning file cache for directory 'C:/Users/Dylan/Desktop/Repo/GameGUNDI/MyProject3/Content/Collections/' took 0.01s
[2016.04.08-22.10.12:721][  0]LogCollectionManager: Rebuilt the GUID cache for 0 collections in 0.000005 seconds
[2016.04.08-22.10.12:728][  0]LogContentBrowser: Native class hierarchy populated in 0.0068 seconds. Added 1893 classes and 338 folders.
[2016.04.08-22.10.12:738][  0]LogContentBrowser: Native class hierarchy updated for 'WidgetCarousel' in 0.0003 seconds. Added 0 classes and 0 folders.
[2016.04.08-22.10.12:939][  0]LogContentBrowser: Native class hierarchy updated for 'AddContentDialog' in 0.0003 seconds. Added 0 classes and 0 folders.
[2016.04.08-22.10.12:946][  0]LogContentBrowser: Native class hierarchy updated for 'SceneOutliner' in 0.0003 seconds. Added 1 classes and 2 folders.
[2016.04.08-22.10.13:063][  0]LogCrashTracker: Crashtracker disabled due to settings.
[2016.04.08-22.10.13:075][  0]LogUObjectGlobals:Warning: Failed to find object 'Class None.'
[2016.04.08-22.10.13:099][  0]LogLoad: Full Startup: 11.73 seconds (BP compile: 0.19 seconds)
[2016.04.08-22.10.13:440][  0]LogOcInput: Can't find Oculus library dev build: is proper Runtime installed? Version: 0.8.0.0
[2016.04.08-22.10.13:482][  0]LogContentStreaming: Texture pool size now 1000 MB
[2016.04.08-22.10.13:593][  0]LogRenderer: Reallocating scene render targets to support 1208x572 (Frame:2).
[2016.04.08-22.10.13:635][  1]Cmd: UpdateLandscapeEditorData -warnings
[2016.04.08-22.10.14:778][  4]LogAssetRegistry: Asset discovery search completed in 5.6063 seconds
[2016.04.08-22.10.14:778][  4]LogCollectionManager: Rebuilt the object cache for 0 collections in 0.000001 seconds (found 0 objects)
[2016.04.08-22.10.14:778][  4]LogCollectionManager: Fixed up redirectors for 0 collections in 0.000015 seconds (updated 0 objects)
[2016.04.08-22.10.18:544][ 15]LogWindowsTextInputMethodSystem:Display: IME system now deactivated.
[2016.04.08-22.10.18:718][ 16]Cmd: QUIT_EDITOR
[2016.04.08-22.10.18:822][ 16]LogExit: Preparing to exit.
[2016.04.08-22.10.19:135][ 16]LogExit: Editor shut down
[2016.04.08-22.10.19:135][ 16]LogExit: Transaction tracking system shut down
[2016.04.08-22.10.19:138][ 16]LogParticles: Destroying 0 GPU particle simulations for FXSystem 0x000001C88E024900
[2016.04.08-22.10.19:270][ 16]LogParticles: Destroying 0 GPU particle simulations for FXSystem 0x000001C8A75C7880
[2016.04.08-22.10.19:270][ 16]LogParticles: Destroying 0 GPU particle simulations for FXSystem 0x000001C8A7B97CE0
[2016.04.08-22.10.19:270][ 16]LogParticles: Destroying 0 GPU particle simulations for FXSystem 0x000001C8AD846CA0
[2016.04.08-22.10.19:270][ 16]LogParticles: Destroying 0 GPU particle simulations for FXSystem 0x000001C8AD846840
[2016.04.08-22.10.19:270][ 16]LogExit: Object subsystem successfully closed.
[2016.04.08-22.10.19:291][ 16]LogD3D11RHI: Shutdown
[2016.04.08-22.10.19:291][ 16]LogD3D11RHI: CleanupD3DDevice
[2016.04.08-22.10.19:341][ 16]LogD3D11RHI: ~FD3D11DynamicRHI
[2016.04.08-22.10.19:360][ 16]LogModuleManager: Shutting down and abandoning module CrashTracker (198)
[2016.04.08-22.10.19:360][ 16]LogModuleManager: Shutting down and abandoning module SceneOutliner (197)
[2016.04.08-22.10.19:361][ 16]LogModuleManager: Shutting down and abandoning module SuperSearch (196)
[2016.04.08-22.10.19:361][ 16]LogModuleManager: Shutting down and abandoning module WidgetCarousel (195)
[2016.04.08-22.10.19:361][ 16]LogModuleManager: Shutting down and abandoning module AddContentDialog (194)
[2016.04.08-22.10.19:361][ 16]LogModuleManager: Shutting down and abandoning module EditorWidgets (193)
[2016.04.08-22.10.19:361][ 16]LogModuleManager: Shutting down and abandoning module CollectionManager (192)
[2016.04.08-22.10.19:361][ 16]LogModuleManager: Shutting down and abandoning module StatsViewer (191)
[2016.04.08-22.10.19:361][ 16]LogModuleManager: Shutting down and abandoning module FoliageEdit (190)
[2016.04.08-22.10.19:361][ 16]LogModuleManager: Shutting down and abandoning module LandscapeEditor (189)
[2016.04.08-22.10.19:362][ 16]LogModuleManager: Shutting down and abandoning module ActorPickerMode (188)
[2016.04.08-22.10.19:362][ 16]LogModuleManager: Shutting down and abandoning module GeometryMode (187)
[2016.04.08-22.10.19:362][ 16]LogModuleManager: Shutting down and abandoning module TextureAlignMode (186)
[2016.04.08-22.10.19:362][ 16]LogModuleManager: Shutting down and abandoning module BspMode (185)
[2016.04.08-22.10.19:362][ 16]LogModuleManager: Shutting down and abandoning module PlacementMode (184)
[2016.04.08-22.10.19:362][ 16]LogModuleManager: Shutting down and abandoning module AutomationWorker (183)
[2016.04.08-22.10.19:362][ 16]LogModuleManager: Shutting down and abandoning module CharacterAI (182)
[2016.04.08-22.10.19:362][ 16]LogModuleManager: Shutting down and abandoning module SmartSnapping (181)
[2016.04.08-22.10.19:362][ 16]LogModuleManager: Shutting down and abandoning module ViewportSnapping (180)
[2016.04.08-22.10.19:362][ 16]LogModuleManager: Shutting down and abandoning module LogVisualizer (179)
[2016.04.08-22.10.19:362][ 16]LogModuleManager: Shutting down and abandoning module GameProjectGeneration (178)
[2016.04.08-22.10.19:363][ 16]LogModuleManager: Shutting down and abandoning module IntroTutorials (177)
[2016.04.08-22.10.19:363][ 16]LogModuleManager: Shutting down and abandoning module EditorLiveStreaming (176)
[2016.04.08-22.10.19:363][ 16]LogModuleManager: Shutting down and abandoning module IOSPlatformEditor (175)
[2016.04.08-22.10.19:363][ 16]LogModuleManager: Shutting down and abandoning module HTML5PlatformEditor (174)
[2016.04.08-22.10.19:363][ 16]LogModuleManager: Shutting down and abandoning module AndroidDeviceDetection (173)
[2016.04.08-22.10.19:436][ 16]LogModuleManager: Shutting down and abandoning module AndroidPlatformEditor (172)
[2016.04.08-22.10.19:436][ 16]LogModuleManager: Shutting down and abandoning module IOSRuntimeSettings (171)
[2016.04.08-22.10.19:436][ 16]LogModuleManager: Shutting down and abandoning module AndroidRuntimeSettings (170)
[2016.04.08-22.10.19:436][ 16]LogModuleManager: Shutting down and abandoning module MergeActors (169)
[2016.04.08-22.10.19:436][ 16]LogModuleManager: Shutting down and abandoning module SizeMap (168)
[2016.04.08-22.10.19:436][ 16]LogModuleManager: Shutting down and abandoning module TreeMap (167)
[2016.04.08-22.10.19:436][ 16]LogModuleManager: Shutting down and abandoning module ReferenceViewer (166)
[2016.04.08-22.10.19:437][ 16]LogModuleManager: Shutting down and abandoning module LocalizationService (165)
[2016.04.08-22.10.19:437][ 16]LogModuleManager: Shutting down and abandoning module LocalizationDashboard (164)
[2016.04.08-22.10.19:438][ 16]LogModuleManager: Shutting down and abandoning module HardwareTargeting (163)
[2016.04.08-22.10.19:438][ 16]LogModuleManager: Shutting down and abandoning module DeviceProfileEditor (162)
[2016.04.08-22.10.19:438][ 16]LogModuleManager: Shutting down and abandoning module UndoHistory (161)
[2016.04.08-22.10.19:438][ 16]LogModuleManager: Shutting down and abandoning module GameplayTagsEditor (160)
[2016.04.08-22.10.19:438][ 16]LogModuleManager: Shutting down and abandoning module UserFeedback (159)
[2016.04.08-22.10.19:438][ 16]LogModuleManager: Shutting down and abandoning module XmlParser (158)
[2016.04.08-22.10.19:438][ 16]LogModuleManager: Shutting down and abandoning module Blutility (157)
[2016.04.08-22.10.19:438][ 16]LogModuleManager: Shutting down and abandoning module ProjectTargetPlatformEditor (156)
[2016.04.08-22.10.19:438][ 16]LogModuleManager: Shutting down and abandoning module ProjectSettingsViewer (155)
[2016.04.08-22.10.19:438][ 16]LogModuleManager: Shutting down and abandoning module InputBindingEditor (154)
[2016.04.08-22.10.19:438][ 16]LogModuleManager: Shutting down and abandoning module EditorSettingsViewer (153)
[2016.04.08-22.10.19:438][ 16]LogModuleManager: Shutting down and abandoning module SettingsEditor (152)
[2016.04.08-22.10.19:439][ 16]LogModuleManager: Shutting down and abandoning module ProjectLauncher (151)
[2016.04.08-22.10.19:439][ 16]LogModuleManager: Shutting down and abandoning module SessionFrontend (150)
[2016.04.08-22.10.19:439][ 16]LogModuleManager: Shutting down and abandoning module ProfilerClient (149)
[2016.04.08-22.10.19:440][ 16]LogModuleManager: Shutting down and abandoning module TargetDeviceServices (148)
[2016.04.08-22.10.19:440][ 16]LogModuleManager: Shutting down and abandoning module DeviceManager (147)
[2016.04.08-22.10.19:440][ 16]LogModuleManager: Shutting down and abandoning module AutomationController (146)
[2016.04.08-22.10.19:440][ 16]LogModuleManager: Shutting down and abandoning module AutomationWindow (145)
[2016.04.08-22.10.19:440][ 16]LogModuleManager: Shutting down and abandoning module Layers (144)
[2016.04.08-22.10.19:441][ 16]LogModuleManager: Shutting down and abandoning module ComponentVisualizers (143)
[2016.04.08-22.10.19:441][ 16]LogModuleManager: Shutting down and abandoning module DetailCustomizations (142)
[2016.04.08-22.10.19:441][ 16]LogModuleManager: Shutting down and abandoning module PackagesDialog (141)
[2016.04.08-22.10.19:441][ 16]LogModuleManager: Shutting down and abandoning module Persona (140)
[2016.04.08-22.10.19:442][ 16]LogModuleManager: Shutting down and abandoning module Kismet (139)
[2016.04.08-22.10.19:442][ 16]LogModuleManager: Shutting down and abandoning module GraphEditor (138)
[2016.04.08-22.10.19:443][ 16]LogModuleManager: Shutting down and abandoning module ClassViewer (137)
[2016.04.08-22.10.19:443][ 16]LogModuleManager: Shutting down and abandoning module Toolbox (136)
[2016.04.08-22.10.19:443][ 16]LogModuleManager: Shutting down and abandoning module ModuleUI (135)
[2016.04.08-22.10.19:443][ 16]LogModuleManager: Shutting down and abandoning module MovieSceneTools (134)
[2016.04.08-22.10.19:444][ 16]LogModuleManager: Shutting down and abandoning module OutputLog (133)
[2016.04.08-22.10.19:444][ 16]LogModuleManager: Shutting down and abandoning module GammaUI (132)
[2016.04.08-22.10.19:444][ 16]LogModuleManager: Shutting down and abandoning module Documentation (131)
[2016.04.08-22.10.19:444][ 16]LogModuleManager: Shutting down and abandoning module GameLiveStreaming (130)
[2016.04.08-22.10.19:444][ 16]LogModuleManager: Shutting down and abandoning module StreamingPauseRendering (129)
[2016.04.08-22.10.19:444][ 16]LogModuleManager: Shutting down and abandoning module AnalyticsET (128)
[2016.04.08-22.10.19:444][ 16]LogModuleManager: Shutting down and abandoning module Analytics (127)
[2016.04.08-22.10.19:444][ 16]LogModuleManager: Shutting down and abandoning module AITestSuite (126)
[2016.04.08-22.10.19:444][ 16]LogModuleManager: Shutting down and abandoning module GameplayDebugger (125)
[2016.04.08-22.10.19:444][ 16]LogModuleManager: Shutting down and abandoning module AIModule (124)
[2016.04.08-22.10.19:444][ 16]LogModuleManager: Shutting down and abandoning module ProfilerService (123)
[2016.04.08-22.10.19:589][ 16]LogModuleManager: Shutting down and abandoning module TaskGraph (122)
[2016.04.08-22.10.19:591][ 16]LogModuleManager: Shutting down and abandoning module SlateRemote (121)
[2016.04.08-22.10.19:591][ 16]LogModuleManager: Shutting down and abandoning module SteamVRController (120)
[2016.04.08-22.10.19:591][ 16]LogModuleManager: Shutting down and abandoning module SteamVR (119)
[2016.04.08-22.10.19:591][ 16]LogModuleManager: Shutting down and abandoning module ProceduralMeshComponent (118)
[2016.04.08-22.10.19:591][ 16]LogModuleManager: Shutting down and abandoning module OculusLibrary (117)
[2016.04.08-22.10.19:591][ 16]LogModuleManager: Shutting down and abandoning module OculusInput (116)
[2016.04.08-22.10.19:591][ 16]LogModuleManager: Shutting down and abandoning module LeapMotionController (115)
[2016.04.08-22.10.19:615][ 16]LogModuleManager: Shutting down and abandoning module CustomMeshComponent (114)
[2016.04.08-22.10.19:615][ 16]LogModuleManager: Shutting down and abandoning module CableComponent (113)
[2016.04.08-22.10.19:615][ 16]LogModuleManager: Shutting down and abandoning module ArchVisCharacter (112)
[2016.04.08-22.10.19:615][ 16]LogModuleManager: Shutting down and abandoning module MessagingDebugger (111)
[2016.04.08-22.10.19:616][ 16]LogModuleManager: Shutting down and abandoning module MediaPlayerEditor (110)
[2016.04.08-22.10.19:616][ 16]LogModuleManager: Shutting down and abandoning module HTML5Networking (109)
[2016.04.08-22.10.19:616][ 16]LogModuleManager: Shutting down and abandoning module SpeedTreeImporter (108)
[2016.04.08-22.10.19:616][ 16]LogModuleManager: Shutting down and abandoning module PluginBrowser (107)
[2016.04.08-22.10.19:617][ 16]LogModuleManager: Shutting down and abandoning module EpicSurvey (106)
[2016.04.08-22.10.19:617][ 16]LogModuleManager: Shutting down and abandoning module DesktopPlatform (105)
[2016.04.08-22.10.19:617][ 16]LogModuleManager: Shutting down and abandoning module VisualStudioSourceCodeAccess (104)
[2016.04.08-22.10.19:617][ 16]LogModuleManager: Shutting down and abandoning module UObjectPlugin (103)
[2016.04.08-22.10.19:617][ 16]LogModuleManager: Shutting down and abandoning module SubversionSourceControl (102)
[2016.04.08-22.10.19:617][ 16]LogModuleManager: Shutting down and abandoning module PerforceSourceControl (101)
[2016.04.08-22.10.19:617][ 16]LogModuleManager: Shutting down and abandoning module SourceControl (100)
[2016.04.08-22.10.19:617][ 16]LogModuleManager: Shutting down and abandoning module GitSourceControl (99)
[2016.04.08-22.10.19:617][ 16]LogModuleManager: Shutting down and abandoning module LightPropagationVolumeEditor (98)
[2016.04.08-22.10.19:617][ 16]LogModuleManager: Shutting down and abandoning module PaperTiledImporter (97)
[2016.04.08-22.10.19:617][ 16]LogModuleManager: Shutting down and abandoning module PaperSpriteSheetImporter (96)
[2016.04.08-22.10.19:617][ 16]LogModuleManager: Shutting down and abandoning module MeshPaint (95)
[2016.04.08-22.10.19:617][ 16]LogModuleManager: Shutting down and abandoning module SlateReflector (94)
[2016.04.08-22.10.19:617][ 16]LogModuleManager: Shutting down and abandoning module HotReload (93)
[2016.04.08-22.10.19:617][ 16]LogModuleManager: Shutting down and abandoning module MainFrame (92)
[2016.04.08-22.10.19:617][ 16]LogModuleManager: Shutting down and abandoning module LevelEditor (91)
[2016.04.08-22.10.19:618][ 16]LogModuleManager: Shutting down and abandoning module DirectoryWatcher (90)
[2016.04.08-22.10.19:619][ 16]LogModuleManager: Shutting down and abandoning module AssetRegistry (89)
[2016.04.08-22.10.19:708][ 16]LogModuleManager: Shutting down and abandoning module ContentBrowser (88)
[2016.04.08-22.10.19:708][ 16]LogModuleManager: Shutting down and abandoning module Paper2DEditor (87)
[2016.04.08-22.10.19:710][ 16]LogModuleManager: Shutting down and abandoning module UdpMessaging (86)
[2016.04.08-22.10.19:811][ 16]LogModuleManager: Shutting down and abandoning module LightPropagationVolumeRuntime (85)
[2016.04.08-22.10.19:811][ 16]LogModuleManager: Shutting down and abandoning module Paper2D (84)
[2016.04.08-22.10.19:811][ 16]LogModuleManager: Shutting down and abandoning module WindowsMoviePlayer (83)
[2016.04.08-22.10.19:813][ 16]LogModuleManager: Shutting down and abandoning module Media (82)
[2016.04.08-22.10.19:813][ 16]LogModuleManager: Shutting down and abandoning module WmfMedia (81)
[2016.04.08-22.10.19:813][ 16]LogModuleManager: Shutting down and abandoning module OnlineBlueprintSupport (80)
[2016.04.08-22.10.19:813][ 16]LogModuleManager: Shutting down and abandoning module GameplayTasksEditor (79)
[2016.04.08-22.10.19:813][ 16]LogModuleManager: Shutting down and abandoning module PropertyEditor (78)
[2016.04.08-22.10.19:813][ 16]LogModuleManager: Shutting down and abandoning module BehaviorTreeEditor (77)
[2016.04.08-22.10.19:815][ 16]LogModuleManager: Shutting down and abandoning module FunctionalTesting (76)
[2016.04.08-22.10.19:815][ 16]LogModuleManager: Shutting down and abandoning module CollisionAnalyzer (75)
[2016.04.08-22.10.19:815][ 16]LogModuleManager: Shutting down and abandoning module WorkspaceMenuStructure (74)
[2016.04.08-22.10.19:815][ 16]LogModuleManager: Shutting down and abandoning module MessageLog (73)
[2016.04.08-22.10.19:815][ 16]LogModuleManager: Shutting down and abandoning module Sequencer (72)
[2016.04.08-22.10.19:816][ 16]LogModuleManager: Shutting down and abandoning module AssetTools (71)
[2016.04.08-22.10.19:817][ 16]LogModuleManager: Shutting down and abandoning module UMGEditor (70)
[2016.04.08-22.10.19:818][ 16]LogModuleManager: Shutting down and abandoning module UMG (69)
[2016.04.08-22.10.19:818][ 16]LogModuleManager: Shutting down and abandoning module Slate (68)
[2016.04.08-22.10.19:818][ 16]LogModuleManager: Shutting down and abandoning module EditorStyle (67)
[2016.04.08-22.10.19:820][ 16]LogModuleManager: Shutting down and abandoning module SessionServices (66)
[2016.04.08-22.10.19:820][ 16]LogModuleManager: Shutting down and abandoning module SourceCodeAccess (65)
[2016.04.08-22.10.19:820][ 16]LogModuleManager: Shutting down and abandoning module HeadMountedDisplay (64)
[2016.04.08-22.10.19:820][ 16]LogModuleManager: Shutting down and abandoning module XAudio2 (63)
[2016.04.08-22.10.19:820][ 16]LogModuleManager: Shutting down and abandoning module Networking (61)
[2016.04.08-22.10.19:820][ 16]LogModuleManager: Shutting down and abandoning module Core (60)
[2016.04.08-22.10.19:820][ 16]LogModuleManager: Shutting down and abandoning module KismetCompiler (59)
[2016.04.08-22.10.19:820][ 16]LogModuleManager: Shutting down and abandoning module PhysXFormats (58)
[2016.04.08-22.10.19:820][ 16]LogModuleManager: Shutting down and abandoning module MeshUtilities (57)
[2016.04.08-22.10.19:821][ 16]LogModuleManager: Shutting down and abandoning module DerivedDataCache (56)
[2016.04.08-22.10.19:923][ 16]LogDerivedDataCache: Shutdown
[2016.04.08-22.10.19:923][ 16]LogModuleManager: Shutting down and abandoning module ShaderFormatOpenGL (55)
[2016.04.08-22.10.19:925][ 16]LogModuleManager: Shutting down and abandoning module ShaderFormatD3D (54)
[2016.04.08-22.10.19:925][ 16]LogModuleManager: Shutting down and abandoning module MetalShaderFormat (53)
[2016.04.08-22.10.19:925][ 16]LogModuleManager: Shutting down and abandoning module TextureFormatUncompressed (52)
[2016.04.08-22.10.19:925][ 16]LogModuleManager: Shutting down and abandoning module TextureFormatPVR (51)
[2016.04.08-22.10.19:925][ 16]LogModuleManager: Shutting down and abandoning module TextureFormatIntelISPCTexComp (50)
[2016.04.08-22.10.19:925][ 16]LogModuleManager: Shutting down and abandoning module TextureFormatDXT (49)
[2016.04.08-22.10.19:925][ 16]LogModuleManager: Shutting down and abandoning module ImageWrapper (48)
[2016.04.08-22.10.19:925][ 16]LogModuleManager: Shutting down and abandoning module TextureFormatASTC (47)
[2016.04.08-22.10.19:925][ 16]LogModuleManager: Shutting down and abandoning module TextureFormatAndroid (46)
[2016.04.08-22.10.19:925][ 16]LogModuleManager: Shutting down and abandoning module AudioFormatOpus (45)
[2016.04.08-22.10.19:925][ 16]LogModuleManager: Shutting down and abandoning module AudioFormatOgg (44)
[2016.04.08-22.10.19:925][ 16]LogModuleManager: Shutting down and abandoning module AudioFormatADPCM (43)
[2016.04.08-22.10.19:925][ 16]LogModuleManager: Shutting down and abandoning module LinuxTargetPlatform (42)
[2016.04.08-22.10.19:925][ 16]LogModuleManager: Shutting down and abandoning module LinuxServerTargetPlatform (41)
[2016.04.08-22.10.19:925][ 16]LogModuleManager: Shutting down and abandoning module LinuxNoEditorTargetPlatform (40)
[2016.04.08-22.10.19:925][ 16]LogModuleManager: Shutting down and abandoning module Messaging (39)
[2016.04.08-22.10.19:925][ 16]LogModuleManager: Shutting down and abandoning module IOSTargetPlatform (38)
[2016.04.08-22.10.19:925][ 16]LogModuleManager: Shutting down and abandoning module HTML5TargetPlatform (37)
[2016.04.08-22.10.19:925][ 16]LogModuleManager: Shutting down and abandoning module Android_PVRTCTargetPlatform (36)
[2016.04.08-22.10.19:925][ 16]LogModuleManager: Shutting down and abandoning module Android_MultiTargetPlatform (35)
[2016.04.08-22.10.19:925][ 16]LogModuleManager: Shutting down and abandoning module Android_ETC2TargetPlatform (34)
[2016.04.08-22.10.19:925][ 16]LogModuleManager: Shutting down and abandoning module Android_ETC1TargetPlatform (33)
[2016.04.08-22.10.19:925][ 16]LogModuleManager: Shutting down and abandoning module Android_DXTTargetPlatform (32)
[2016.04.08-22.10.19:925][ 16]LogModuleManager: Shutting down and abandoning module Android_ATCTargetPlatform (31)
[2016.04.08-22.10.19:925][ 16]LogModuleManager: Shutting down and abandoning module Android_ASTCTargetPlatform (30)
[2016.04.08-22.10.19:925][ 16]LogModuleManager: Shutting down and abandoning module AndroidTargetPlatform (29)
[2016.04.08-22.10.19:925][ 16]LogModuleManager: Shutting down and abandoning module WindowsTargetPlatform (28)
[2016.04.08-22.10.19:925][ 16]LogModuleManager: Shutting down and abandoning module WindowsServerTargetPlatform (27)
[2016.04.08-22.10.19:925][ 16]LogModuleManager: Shutting down and abandoning module WindowsNoEditorTargetPlatform (26)
[2016.04.08-22.10.19:925][ 16]LogModuleManager: Shutting down and abandoning module WindowsClientTargetPlatform (25)
[2016.04.08-22.10.19:925][ 16]LogModuleManager: Shutting down and abandoning module AllDesktopTargetPlatform (24)
[2016.04.08-22.10.19:925][ 16]LogModuleManager: Shutting down and abandoning module TargetPlatform (23)
[2016.04.08-22.10.19:925][ 16]LogModuleManager: Shutting down and abandoning module InputCore (22)
[2016.04.08-22.10.19:925][ 16]LogModuleManager: Shutting down and abandoning module Settings (21)
[2016.04.08-22.10.19:925][ 16]LogModuleManager: Shutting down and abandoning module OnlineSubsystem (19)
[2016.04.08-22.10.19:925][ 16]LogModuleManager: Shutting down and abandoning module HTTP (18)
[2016.04.08-22.10.21:928][ 16]LogModuleManager: Shutting down and abandoning module XMPP (17)
[2016.04.08-22.10.21:930][ 16]LogModuleManager: Shutting down and abandoning module OculusRift (16)
[2016.04.08-22.10.21:930][ 16]LogModuleManager: Shutting down and abandoning module ExampleDeviceProfileSelector (15)
[2016.04.08-22.10.21:930][ 16]LogModuleManager: Shutting down and abandoning module TextureCompressor (14)
[2016.04.08-22.10.21:930][ 16]LogModuleManager: Shutting down and abandoning module ShaderCore (13)
[2016.04.08-22.10.21:930][ 16]LogModuleManager: Shutting down and abandoning module Landscape (12)
[2016.04.08-22.10.21:931][ 16]LogModuleManager: Shutting down and abandoning module SlateRHIRenderer (11)
[2016.04.08-22.10.21:931][ 16]LogModuleManager: Shutting down and abandoning module OpenGLDrv (10)
[2016.04.08-22.10.21:932][ 16]LogModuleManager: Shutting down and abandoning module D3D11RHI (9)
[2016.04.08-22.10.21:932][ 16]LogModuleManager: Shutting down and abandoning module AnimGraphRuntime (8)
[2016.04.08-22.10.21:932][ 16]LogModuleManager: Shutting down and abandoning module Renderer (7)
[2016.04.08-22.10.21:932][ 16]LogModuleManager: Shutting down and abandoning module Engine (6)
[2016.04.08-22.10.21:932][ 16]LogModuleManager: Shutting down and abandoning module CoreUObject (5)
[2016.04.08-22.10.21:932][ 16]LogModuleManager: Shutting down and abandoning module NetworkFile (4)
[2016.04.08-22.10.21:932][ 16]LogModuleManager: Shutting down and abandoning module StreamingFile (3)
[2016.04.08-22.10.21:932][ 16]LogModuleManager: Shutting down and abandoning module SandboxFile (2)
[2016.04.08-22.10.21:932][ 16]LogModuleManager: Shutting down and abandoning module PakFile (1)
[2016.04.08-22.10.21:933][ 16]LogExit: Exiting.
[2016.04.08-22.10.21:935][ 16]Log file closed, 04/08/16 15:10:21
